<?xml version="1.0" encoding="UTF-8"?>
<testsuite xmlns:xsi="http://www.w3.org/2001/XMLSchema-instance" xsi:noNamespaceSchemaLocation="https://maven.apache.org/surefire/maven-surefire-plugin/xsd/surefire-test-report-3.0.xsd" version="3.0" name="drools.project.RuleTest" time="2.033" tests="1" errors="1" skipped="0" failures="0">
  <properties>
[...]
</properties>
  <testcase name="FieldWithSpaces" classname="drools.project.RuleTest" time="1.94">
    <error message="Cannot invoke &quot;java.math.BigDecimal.intValue()&quot; because &quot;withSpacesDec&quot; is null" type="java.lang.NullPointerException"><![CDATA[java.lang.NullPointerException: Cannot invoke "java.math.BigDecimal.intValue()" because "withSpacesDec" is null
	at drools.project.RuleTest.FieldWithSpaces(RuleTest.java:118)
	at java.base/jdk.internal.reflect.DirectMethodHandleAccessor.invoke(DirectMethodHandleAccessor.java:103)
	at java.base/java.lang.reflect.Method.invoke(Method.java:580)
	at org.junit.runners.model.FrameworkMethod$1.runReflectiveCall(FrameworkMethod.java:59)
	at org.junit.internal.runners.model.ReflectiveCallable.run(ReflectiveCallable.java:12)
	at org.junit.runners.model.FrameworkMethod.invokeExplosively(FrameworkMethod.java:56)
	at org.junit.internal.runners.statements.InvokeMethod.evaluate(InvokeMethod.java:17)
	at org.junit.runners.ParentRunner$3.evaluate(ParentRunner.java:306)
	at org.junit.runners.BlockJUnit4ClassRunner$1.evaluate(BlockJUnit4ClassRunner.java:100)
	at org.junit.runners.ParentRunner.runLeaf(ParentRunner.java:366)
	at org.junit.runners.BlockJUnit4ClassRunner.runChild(BlockJUnit4ClassRunner.java:103)
	at org.junit.runners.BlockJUnit4ClassRunner.runChild(BlockJUnit4ClassRunner.java:63)
	at org.junit.runners.ParentRunner$4.run(ParentRunner.java:331)
	at org.junit.runners.ParentRunner$1.schedule(ParentRunner.java:79)
	at org.junit.runners.ParentRunner.runChildren(ParentRunner.java:329)
	at org.junit.runners.ParentRunner.access$100(ParentRunner.java:66)
	at org.junit.runners.ParentRunner$2.evaluate(ParentRunner.java:293)
	at org.junit.runners.ParentRunner$3.evaluate(ParentRunner.java:306)
	at org.junit.runners.ParentRunner.run(ParentRunner.java:413)
	at org.apache.maven.surefire.junit4.JUnit4Provider.execute(JUnit4Provider.java:316)
	at org.apache.maven.surefire.junit4.JUnit4Provider.executeWithRerun(JUnit4Provider.java:240)
	at org.apache.maven.surefire.junit4.JUnit4Provider.executeTestSet(JUnit4Provider.java:214)
	at org.apache.maven.surefire.junit4.JUnit4Provider.invoke(JUnit4Provider.java:155)
	at org.apache.maven.surefire.booter.ForkedBooter.runSuitesInProcess(ForkedBooter.java:385)
	at org.apache.maven.surefire.booter.ForkedBooter.execute(ForkedBooter.java:162)
	at org.apache.maven.surefire.booter.ForkedBooter.run(ForkedBooter.java:507)
	at org.apache.maven.surefire.booter.ForkedBooter.main(ForkedBooter.java:495)
]]></error>
    <system-out><![CDATA[12:15:57.207 [main] INFO org.drools.compiler.kie.builder.impl.ClasspathKieProject - Found kmodule: file:/Users/gbuckholtz/git/dmnSpaceError/drools-project/target/classes/META-INF/kmodule.xml
12:15:57.211 [main] DEBUG org.drools.compiler.kie.builder.impl.ClasspathKieProject - KieModule URL type=file url=/Users/gbuckholtz/git/dmnSpaceError/drools-project/target/classes
12:15:57.728 [main] WARN org.drools.compiler.kie.builder.impl.ClasspathKieProject - Unable to find pom.properties in /Users/gbuckholtz/git/dmnSpaceError/drools-project/target/classes
12:15:57.738 [main] INFO org.drools.compiler.kie.builder.impl.ClasspathKieProject - Recursed up folders, found and used pom.xml /Users/gbuckholtz/git/dmnSpaceError/drools-project/pom.xml
12:15:57.752 [main] INFO org.drools.compiler.kie.builder.impl.InternalKieModuleProvider - Creating KieModule for artifact com.droolstest:drools-project:1.0-SNAPSHOT
12:15:57.762 [main] INFO org.drools.modelcompiler.CanonicalKieModuleProvider - Artifact com.droolstest:drools-project:1.0-SNAPSHOT has executable model
12:15:57.763 [main] DEBUG org.drools.compiler.kie.builder.impl.ClasspathKieProject - Discovered classpath module com.droolstest:drools-project:1.0-SNAPSHOT
12:15:57.765 [main] DEBUG org.drools.compiler.kie.builder.impl.KieRepositoryImpl - KieModule was added: org.drools.modelcompiler.CanonicalKieModule@6853425f
12:15:57.973 [main] DEBUG org.drools.compiler.compiler.JavaDialectConfiguration - Selected compiler ECLIPSE [drools.dialect.java.compiler:null, hasEclipseCompiler:true]
12:15:57.975 [main] DEBUG org.drools.compiler.compiler.JavaDialectConfiguration - Selected compiler ECLIPSE [drools.dialect.java.compiler:null, hasEclipseCompiler:true]
12:15:58.005 [main] DEBUG org.drools.compiler.compiler.JavaDialectConfiguration - Selected compiler ECLIPSE [drools.dialect.java.compiler:null, hasEclipseCompiler:true]
12:15:58.006 [main] DEBUG org.drools.compiler.compiler.JavaDialectConfiguration - Selected compiler ECLIPSE [drools.dialect.java.compiler:null, hasEclipseCompiler:true]
12:15:58.006 [main] DEBUG org.drools.compiler.compiler.JavaDialectConfiguration - Selected compiler ECLIPSE [drools.dialect.java.compiler:null, hasEclipseCompiler:true]
12:15:58.121 [main] DEBUG org.kie.dmn.core.compiler.DMNEvaluatorCompiler - default DMNEvaluatorCompiler.
12:15:58.184 [main] DEBUG org.kie.dmn.backend.marshalling.v1_2.xstream.DiagramElementExtensionConverter - Tried to convert the extension element child ComponentsWidthsExtension, but no converter is registered for this child.
12:15:58.660 [main] INFO drools.project.RuleTest - Creating kieBase
12:15:58.663 [main] INFO org.drools.compiler.kie.builder.impl.KieContainerImpl - Start creation of KieBase: defaultKieBase
12:15:58.766 [main] INFO org.drools.compiler.kie.builder.impl.KieContainerImpl - End creation of KieBase: defaultKieBase
12:15:58.766 [main] INFO drools.project.RuleTest - There should be rules: 
12:15:58.766 [main] INFO drools.project.RuleTest - Creating kieSession
12:15:58.809 [main] DEBUG org.kie.dmn.core.impl.DMNRuntimeKBWrappingIKB - {}
12:15:58.853 [main] ERROR org.kie.dmn.core.ast.DMNLiteralExpressionEvaluator - FEEL ERROR while evaluating literal expression 'count(ComplexObject.Airplane List)': The parameter 'list', in function count(), cannot be null.
DMN: FEEL ERROR while evaluating literal expression 'count(ComplexObject.Airplane List)': The parameter 'list', in function count(), cannot be null. (DMN id: _EF85B5E8-E056-47E1-9CE9-CA6D21F9B7D4, FEEL expression evaluation error) 
]]></system-out>
  </testcase>
</testsuite>